# JRE version: OpenJDK Runtime Environment (11.0.13+8) (build 11.0.13+8)
# Java VM: OpenJDK 64-Bit Server VM (11.0.13+8, mixed mode, tiered, compressed oops, g1 gc, linux-amd64)
Heap:
 garbage-first heap   total 99328K, used 29049K [0x00000000c4800000, 0x0000000100000000)
  region size 1024K, 2 young (2048K), 0 survivors (0K)
 Metaspace       used 66109K, capacity 68146K, committed 68472K, reserved 1107968K
  class space    used 8422K, capacity 9242K, committed 9336K, reserved 1048576K
GC Heap History (20 events):
Event: 131.883 GC heap before
{Heap before GC invocations=30 (full 1):
 garbage-first heap   total 102400K, used 57561K [0x00000000c4800000, 0x0000000100000000)
  region size 1024K, 11 young (11264K), 5 survivors (5120K)
 Metaspace       used 65842K, capacity 67802K, committed 67832K, reserved 1107968K
  class space    used 8394K, capacity 9179K, committed 9208K, reserved 1048576K
}
Event: 131.898 GC heap after
{Heap after GC invocations=31 (full 1):
 garbage-first heap   total 102400K, used 53689K [0x00000000c4800000, 0x0000000100000000)
  region size 1024K, 2 young (2048K), 2 survivors (2048K)
 Metaspace       used 65842K, capacity 67802K, committed 67832K, reserved 1107968K
  class space    used 8394K, capacity 9179K, committed 9208K, reserved 1048576K
}
Event: 147.575 GC heap before
{Heap before GC invocations=32 (full 1):
 garbage-first heap   total 102400K, used 65977K [0x00000000c4800000, 0x0000000100000000)
  region size 1024K, 18 young (18432K), 2 survivors (2048K)
 Metaspace       used 65847K, capacity 67811K, committed 68088K, reserved 1107968K
  class space    used 8395K, capacity 9183K, committed 9208K, reserved 1048576K
}
Event: 147.751 GC heap after
{Heap after GC invocations=33 (full 2):
 garbage-first heap   total 99328K, used 27810K [0x00000000c4800000, 0x0000000100000000)
  region size 1024K, 0 young (0K), 0 survivors (0K)
 Metaspace       used 65847K, capacity 67811K, committed 68088K, reserved 1107968K
  class space    used 8395K, capacity 9183K, committed 9208K, reserved 1048576K
}
Event: 148.079 GC heap before
{Heap before GC invocations=33 (full 2):
 garbage-first heap   total 99328K, used 54434K [0x00000000c4800000, 0x0000000100000000)
  region size 1024K, 26 young (26624K), 0 survivors (0K)
 Metaspace       used 65897K, capacity 67917K, committed 68088K, reserved 1107968K
  class space    used 8404K, capacity 9196K, committed 9208K, reserved 1048576K
}
Event: 148.091 GC heap after
{Heap after GC invocations=34 (full 2):
 garbage-first heap   total 99328K, used 29676K [0x00000000c4800000, 0x0000000100000000)
  region size 1024K, 2 young (2048K), 2 survivors (2048K)
 Metaspace       used 65897K, capacity 67917K, committed 68088K, reserved 1107968K
  class space    used 8404K, capacity 9196K, committed 9208K, reserved 1048576K
}
Event: 148.208 GC heap before
{Heap before GC invocations=34 (full 2):
 garbage-first heap   total 99328K, used 58348K [0x00000000c4800000, 0x0000000100000000)
  region size 1024K, 31 young (31744K), 2 survivors (2048K)
 Metaspace       used 65907K, capacity 67923K, committed 68088K, reserved 1107968K
  class space    used 8405K, capacity 9197K, committed 9208K, reserved 1048576K
}
Event: 148.212 GC heap after
{Heap after GC invocations=35 (full 2):
 garbage-first heap   total 99328K, used 30202K [0x00000000c4800000, 0x0000000100000000)
  region size 1024K, 3 young (3072K), 3 survivors (3072K)
 Metaspace       used 65907K, capacity 67923K, committed 68088K, reserved 1107968K
  class space    used 8405K, capacity 9197K, committed 9208K, reserved 1048576K
}
Event: 148.257 GC heap before
{Heap before GC invocations=35 (full 2):
 garbage-first heap   total 99328K, used 60922K [0x00000000c4800000, 0x0000000100000000)
  region size 1024K, 33 young (33792K), 3 survivors (3072K)
 Metaspace       used 65908K, capacity 67923K, committed 68088K, reserved 1107968K
  class space    used 8406K, capacity 9197K, committed 9208K, reserved 1048576K
}
Event: 148.263 GC heap after
{Heap after GC invocations=36 (full 2):
 garbage-first heap   total 99328K, used 30510K [0x00000000c4800000, 0x0000000100000000)
  region size 1024K, 3 young (3072K), 3 survivors (3072K)
 Metaspace       used 65908K, capacity 67923K, committed 68088K, reserved 1107968K
  class space    used 8406K, capacity 9197K, committed 9208K, reserved 1048576K
}
Event: 148.702 GC heap before
{Heap before GC invocations=36 (full 2):
 garbage-first heap   total 99328K, used 64302K [0x00000000c4800000, 0x0000000100000000)
  region size 1024K, 36 young (36864K), 3 survivors (3072K)
 Metaspace       used 66087K, capacity 68110K, committed 68472K, reserved 1107968K
  class space    used 8419K, capacity 9234K, committed 9336K, reserved 1048576K
}
Event: 148.715 GC heap after
{Heap after GC invocations=37 (full 2):
 garbage-first heap   total 99328K, used 34024K [0x00000000c4800000, 0x0000000100000000)
  region size 1024K, 5 young (5120K), 5 survivors (5120K)
 Metaspace       used 66087K, capacity 68110K, committed 68472K, reserved 1107968K
  class space    used 8419K, capacity 9234K, committed 9336K, reserved 1048576K
}
Event: 148.763 GC heap before
{Heap before GC invocations=37 (full 2):
 garbage-first heap   total 99328K, used 67816K [0x00000000c4800000, 0x0000000100000000)
  region size 1024K, 37 young (37888K), 5 survivors (5120K)
 Metaspace       used 66087K, capacity 68110K, committed 68472K, reserved 1107968K
  class space    used 8419K, capacity 9234K, committed 9336K, reserved 1048576K
}
Event: 148.776 GC heap after
{Heap after GC invocations=38 (full 2):
 garbage-first heap   total 99328K, used 41570K [0x00000000c4800000, 0x0000000100000000)
  region size 1024K, 5 young (5120K), 5 survivors (5120K)
 Metaspace       used 66087K, capacity 68110K, committed 68472K, reserved 1107968K
  class space    used 8419K, capacity 9234K, committed 9336K, reserved 1048576K
}
Event: 148.809 GC heap before
{Heap before GC invocations=38 (full 2):
 garbage-first heap   total 99328K, used 70242K [0x00000000c4800000, 0x0000000100000000)
  region size 1024K, 32 young (32768K), 5 survivors (5120K)
 Metaspace       used 66111K, capacity 68146K, committed 68472K, reserved 1107968K
  class space    used 8422K, capacity 9241K, committed 9336K, reserved 1048576K
}
Event: 148.822 GC heap after
{Heap after GC invocations=39 (full 2):
 garbage-first heap   total 99328K, used 50338K [0x00000000c4800000, 0x0000000100000000)
  region size 1024K, 4 young (4096K), 4 survivors (4096K)
 Metaspace       used 66111K, capacity 68146K, committed 68472K, reserved 1107968K
  class space    used 8422K, capacity 9241K, committed 9336K, reserved 1048576K
}
Event: 148.835 GC heap before
{Heap before GC invocations=39 (full 2):
 garbage-first heap   total 99328K, used 63650K [0x00000000c4800000, 0x0000000100000000)
  region size 1024K, 18 young (18432K), 4 survivors (4096K)
 Metaspace       used 66111K, capacity 68146K, committed 68472K, reserved 1107968K
  class space    used 8422K, capacity 9241K, committed 9336K, reserved 1048576K
}
Event: 148.841 GC heap after
{Heap after GC invocations=40 (full 2):
 garbage-first heap   total 99328K, used 52835K [0x00000000c4800000, 0x0000000100000000)
  region size 1024K, 4 young (4096K), 4 survivors (4096K)
 Metaspace       used 66111K, capacity 68146K, committed 68472K, reserved 1107968K
  class space    used 8422K, capacity 9241K, committed 9336K, reserved 1048576K
}
Event: 158.682 GC heap before
{Heap before GC invocations=41 (full 2):
 garbage-first heap   total 99328K, used 63075K [0x00000000c4800000, 0x0000000100000000)
  region size 1024K, 20 young (20480K), 4 survivors (4096K)
 Metaspace       used 66110K, capacity 68146K, committed 68472K, reserved 1107968K
  class space    used 8422K, capacity 9242K, committed 9336K, reserved 1048576K
}
Event: 158.991 GC heap after
{Heap after GC invocations=42 (full 3):
 garbage-first heap   total 99328K, used 28025K [0x00000000c4800000, 0x0000000100000000)
  region size 1024K, 0 young (0K), 0 survivors (0K)
 Metaspace       used 66107K, capacity 68140K, committed 68472K, reserved 1107968K
  class space    used 8422K, capacity 9240K, committed 9336K, reserved 1048576K
}

