# JRE version: OpenJDK Runtime Environment (11.0.13+8) (build 11.0.13+8)
# Java VM: OpenJDK 64-Bit Server VM (11.0.13+8, mixed mode, tiered, compressed oops, g1 gc, linux-amd64)
Heap:
 garbage-first heap   total 129024K, used 57700K [0x00000000c4800000, 0x0000000100000000)
  region size 1024K, 29 young (29696K), 4 survivors (4096K)
 Metaspace       used 62294K, capacity 64094K, committed 64504K, reserved 1105920K
  class space    used 7927K, capacity 8602K, committed 8696K, reserved 1048576K
GC Heap History (20 events):
Event: 2.761 GC heap before
{Heap before GC invocations=11 (full 0):
 garbage-first heap   total 89088K, used 68341K [0x00000000c4800000, 0x0000000100000000)
  region size 1024K, 49 young (50176K), 5 survivors (5120K)
 Metaspace       used 31178K, capacity 32145K, committed 32384K, reserved 1077248K
  class space    used 3775K, capacity 4170K, committed 4224K, reserved 1048576K
}
Event: 2.771 GC heap after
{Heap after GC invocations=12 (full 0):
 garbage-first heap   total 89088K, used 19586K [0x00000000c4800000, 0x0000000100000000)
  region size 1024K, 6 young (6144K), 6 survivors (6144K)
 Metaspace       used 31178K, capacity 32145K, committed 32384K, reserved 1077248K
  class space    used 3775K, capacity 4170K, committed 4224K, reserved 1048576K
}
Event: 2.878 GC heap before
{Heap before GC invocations=12 (full 0):
 garbage-first heap   total 89088K, used 65666K [0x00000000c4800000, 0x0000000100000000)
  region size 1024K, 52 young (53248K), 6 survivors (6144K)
 Metaspace       used 31844K, capacity 32883K, committed 33280K, reserved 1079296K
  class space    used 3832K, capacity 4244K, committed 4352K, reserved 1048576K
}
Event: 2.882 GC heap after
{Heap after GC invocations=13 (full 0):
 garbage-first heap   total 89088K, used 20476K [0x00000000c4800000, 0x0000000100000000)
  region size 1024K, 2 young (2048K), 2 survivors (2048K)
 Metaspace       used 31844K, capacity 32883K, committed 33280K, reserved 1079296K
  class space    used 3832K, capacity 4244K, committed 4352K, reserved 1048576K
}
Event: 3.095 GC heap before
{Heap before GC invocations=13 (full 0):
 garbage-first heap   total 89088K, used 58364K [0x00000000c4800000, 0x0000000100000000)
  region size 1024K, 36 young (36864K), 2 survivors (2048K)
 Metaspace       used 34357K, capacity 35443K, committed 35584K, reserved 1081344K
  class space    used 4153K, capacity 4589K, committed 4608K, reserved 1048576K
}
Event: 3.102 GC heap after
{Heap after GC invocations=14 (full 0):
 garbage-first heap   total 89088K, used 20665K [0x00000000c4800000, 0x0000000100000000)
  region size 1024K, 2 young (2048K), 2 survivors (2048K)
 Metaspace       used 34357K, capacity 35443K, committed 35584K, reserved 1081344K
  class space    used 4153K, capacity 4589K, committed 4608K, reserved 1048576K
}
Event: 3.653 GC heap before
{Heap before GC invocations=15 (full 0):
 garbage-first heap   total 89088K, used 66745K [0x00000000c4800000, 0x0000000100000000)
  region size 1024K, 47 young (48128K), 2 survivors (2048K)
 Metaspace       used 41490K, capacity 42654K, committed 43128K, reserved 1087488K
  class space    used 5184K, capacity 5647K, committed 5752K, reserved 1048576K
}
Event: 3.660 GC heap after
{Heap after GC invocations=16 (full 0):
 garbage-first heap   total 107520K, used 22544K [0x00000000c4800000, 0x0000000100000000)
  region size 1024K, 4 young (4096K), 4 survivors (4096K)
 Metaspace       used 41490K, capacity 42654K, committed 43128K, reserved 1087488K
  class space    used 5184K, capacity 5647K, committed 5752K, reserved 1048576K
}
Event: 4.142 GC heap before
{Heap before GC invocations=16 (full 0):
 garbage-first heap   total 107520K, used 75792K [0x00000000c4800000, 0x0000000100000000)
  region size 1024K, 56 young (57344K), 4 survivors (4096K)
 Metaspace       used 48941K, capacity 50180K, committed 50552K, reserved 1093632K
  class space    used 6209K, capacity 6727K, committed 6776K, reserved 1048576K
}
Event: 4.147 GC heap after
{Heap after GC invocations=17 (full 0):
 garbage-first heap   total 107520K, used 24734K [0x00000000c4800000, 0x0000000100000000)
  region size 1024K, 5 young (5120K), 5 survivors (5120K)
 Metaspace       used 48941K, capacity 50180K, committed 50552K, reserved 1093632K
  class space    used 6209K, capacity 6727K, committed 6776K, reserved 1048576K
}
Event: 4.672 GC heap before
{Heap before GC invocations=17 (full 0):
 garbage-first heap   total 107520K, used 77982K [0x00000000c4800000, 0x0000000100000000)
  region size 1024K, 58 young (59392K), 5 survivors (5120K)
 Metaspace       used 53482K, capacity 55048K, committed 55416K, reserved 1097728K
  class space    used 6842K, capacity 7492K, committed 7544K, reserved 1048576K
}
Event: 4.680 GC heap after
{Heap after GC invocations=18 (full 0):
 garbage-first heap   total 107520K, used 29566K [0x00000000c4800000, 0x0000000100000000)
  region size 1024K, 8 young (8192K), 8 survivors (8192K)
 Metaspace       used 53482K, capacity 55048K, committed 55416K, reserved 1097728K
  class space    used 6842K, capacity 7492K, committed 7544K, reserved 1048576K
}
Event: 4.796 GC heap before
{Heap before GC invocations=18 (full 0):
 garbage-first heap   total 107520K, used 82814K [0x00000000c4800000, 0x0000000100000000)
  region size 1024K, 59 young (60416K), 8 survivors (8192K)
 Metaspace       used 53624K, capacity 55185K, committed 55416K, reserved 1097728K
  class space    used 6857K, capacity 7495K, committed 7544K, reserved 1048576K
}
Event: 4.810 GC heap after
{Heap after GC invocations=19 (full 0):
 garbage-first heap   total 107520K, used 32322K [0x00000000c4800000, 0x0000000100000000)
  region size 1024K, 5 young (5120K), 5 survivors (5120K)
 Metaspace       used 53624K, capacity 55185K, committed 55416K, reserved 1097728K
  class space    used 6857K, capacity 7495K, committed 7544K, reserved 1048576K
}
Event: 44.176 GC heap before
{Heap before GC invocations=19 (full 0):
 garbage-first heap   total 107520K, used 85570K [0x00000000c4800000, 0x0000000100000000)
  region size 1024K, 55 young (56320K), 5 survivors (5120K)
 Metaspace       used 56289K, capacity 57941K, committed 58360K, reserved 1099776K
  class space    used 7179K, capacity 7857K, committed 7928K, reserved 1048576K
}
Event: 44.258 GC heap after
{Heap after GC invocations=20 (full 0):
 garbage-first heap   total 129024K, used 30391K [0x00000000c4800000, 0x0000000100000000)
  region size 1024K, 2 young (2048K), 2 survivors (2048K)
 Metaspace       used 56289K, capacity 57941K, committed 58360K, reserved 1099776K
  class space    used 7179K, capacity 7857K, committed 7928K, reserved 1048576K
}
Event: 45.228 GC heap before
{Heap before GC invocations=20 (full 0):
 garbage-first heap   total 129024K, used 38583K [0x00000000c4800000, 0x0000000100000000)
  region size 1024K, 12 young (12288K), 2 survivors (2048K)
 Metaspace       used 57977K, capacity 59576K, committed 59896K, reserved 1101824K
  class space    used 7414K, capacity 8082K, committed 8184K, reserved 1048576K
}
Event: 45.299 GC heap after
{Heap after GC invocations=21 (full 0):
 garbage-first heap   total 129024K, used 31735K [0x00000000c4800000, 0x0000000100000000)
  region size 1024K, 4 young (4096K), 4 survivors (4096K)
 Metaspace       used 57977K, capacity 59576K, committed 59896K, reserved 1101824K
  class space    used 7414K, capacity 8082K, committed 8184K, reserved 1048576K
}
Event: 52.499 GC heap before
{Heap before GC invocations=22 (full 0):
 garbage-first heap   total 129024K, used 72695K [0x00000000c4800000, 0x0000000100000000)
  region size 1024K, 45 young (46080K), 4 survivors (4096K)
 Metaspace       used 60834K, capacity 62562K, committed 62840K, reserved 1103872K
  class space    used 7759K, capacity 8454K, committed 8568K, reserved 1048576K
}
Event: 52.556 GC heap after
{Heap after GC invocations=23 (full 0):
 garbage-first heap   total 129024K, used 33124K [0x00000000c4800000, 0x0000000100000000)
  region size 1024K, 4 young (4096K), 4 survivors (4096K)
 Metaspace       used 60834K, capacity 62562K, committed 62840K, reserved 1103872K
  class space    used 7759K, capacity 8454K, committed 8568K, reserved 1048576K
}

