# JRE version: OpenJDK Runtime Environment Temurin-17.0.1+12 (17.0.1+12) (build 17.0.1+12)
# Java VM: OpenJDK 64-Bit Server VM Temurin-17.0.1+12 (17.0.1+12, mixed mode, tiered, compressed oops, compressed class ptrs, parallel gc, linux-amd64)
GC Precious Log:
 CPUs: 4 total, 4 available
 Memory: 3807M
 Large Page Support: Disabled
 NUMA Support: Disabled
 Compressed Oops: Enabled (32-bit)
 Alignments: Space 512K, Generation 512K, Heap 2M
 Heap Min Capacity: 100M
 Heap Initial Capacity: 100M
 Heap Max Capacity: 1G
 Pre-touch: Disabled
 Parallel Workers: 4
Heap:
 PSYoungGen      total 17920K, used 17881K [0x00000000eab00000, 0x00000000ec300000, 0x0000000100000000)
  eden space 14848K, 100% used [0x00000000eab00000,0x00000000eb980000,0x00000000eb980000)
  from space 3072K, 98% used [0x00000000ec000000,0x00000000ec2f6410,0x00000000ec300000)
  to   space 3584K, 3% used [0x00000000ebc00000,0x00000000ebc20000,0x00000000ebf80000)
 ParOldGen       total 421376K, used 368797K [0x00000000c0000000, 0x00000000d9b80000, 0x00000000eab00000)
  object space 421376K, 87% used [0x00000000c0000000,0x00000000d68276d8,0x00000000d9b80000)
 Metaspace       used 98315K, committed 99456K, reserved 1146880K
  class space    used 9328K, committed 9856K, reserved 1048576K
GC Heap History (20 events):
Event: 11913.503 GC heap after
{Heap after GC invocations=5354 (full 143):
 PSYoungGen      total 18944K, used 3572K [0x00000000eab00000, 0x00000000ed300000, 0x0000000100000000)
  eden space 15360K, 0% used [0x00000000eab00000,0x00000000eab00000,0x00000000eba00000)
  from space 3584K, 99% used [0x00000000eba00000,0x00000000ebd7d200,0x00000000ebd80000)
  to   space 11776K, 0% used [0x00000000ec780000,0x00000000ec780000,0x00000000ed300000)
 ParOldGen       total 421376K, used 288512K [0x00000000c0000000, 0x00000000d9b80000, 0x00000000eab00000)
  object space 421376K, 68% used [0x00000000c0000000,0x00000000d19c02b0,0x00000000d9b80000)
 Metaspace       used 98302K, committed 99456K, reserved 1146880K
  class space    used 9327K, committed 9856K, reserved 1048576K
}
Event: 11914.525 GC heap before
{Heap before GC invocations=5355 (full 143):
 PSYoungGen      total 18944K, used 18923K [0x00000000eab00000, 0x00000000ed300000, 0x0000000100000000)
  eden space 15360K, 99% used [0x00000000eab00000,0x00000000eb9fdb60,0x00000000eba00000)
  from space 3584K, 99% used [0x00000000eba00000,0x00000000ebd7d200,0x00000000ebd80000)
  to   space 11776K, 0% used [0x00000000ec780000,0x00000000ec780000,0x00000000ed300000)
 ParOldGen       total 421376K, used 288512K [0x00000000c0000000, 0x00000000d9b80000, 0x00000000eab00000)
  object space 421376K, 68% used [0x00000000c0000000,0x00000000d19c02b0,0x00000000d9b80000)
 Metaspace       used 98302K, committed 99456K, reserved 1146880K
  class space    used 9327K, committed 9856K, reserved 1048576K
}
Event: 11914.556 GC heap after
{Heap after GC invocations=5355 (full 143):
 PSYoungGen      total 17920K, used 512K [0x00000000eab00000, 0x00000000ec800000, 0x0000000100000000)
  eden space 17408K, 0% used [0x00000000eab00000,0x00000000eab00000,0x00000000ebc00000)
  from space 512K, 100% used [0x00000000ec780000,0x00000000ec800000,0x00000000ec800000)
  to   space 4096K, 0% used [0x00000000ec000000,0x00000000ec000000,0x00000000ec400000)
 ParOldGen       total 421376K, used 292065K [0x00000000c0000000, 0x00000000d9b80000, 0x00000000eab00000)
  object space 421376K, 69% used [0x00000000c0000000,0x00000000d1d386d0,0x00000000d9b80000)
 Metaspace       used 98302K, committed 99456K, reserved 1146880K
  class space    used 9327K, committed 9856K, reserved 1048576K
}
Event: 11919.863 GC heap before
{Heap before GC invocations=5356 (full 143):
 PSYoungGen      total 17920K, used 17920K [0x00000000eab00000, 0x00000000ec800000, 0x0000000100000000)
  eden space 17408K, 100% used [0x00000000eab00000,0x00000000ebc00000,0x00000000ebc00000)
  from space 512K, 100% used [0x00000000ec780000,0x00000000ec800000,0x00000000ec800000)
  to   space 4096K, 0% used [0x00000000ec000000,0x00000000ec000000,0x00000000ec400000)
 ParOldGen       total 421376K, used 292065K [0x00000000c0000000, 0x00000000d9b80000, 0x00000000eab00000)
  object space 421376K, 69% used [0x00000000c0000000,0x00000000d1d386d0,0x00000000d9b80000)
 Metaspace       used 98308K, committed 99456K, reserved 1146880K
  class space    used 9328K, committed 9856K, reserved 1048576K
}
Event: 11919.891 GC heap after
{Heap after GC invocations=5356 (full 143):
 PSYoungGen      total 23552K, used 2103K [0x00000000eab00000, 0x00000000ec800000, 0x0000000100000000)
  eden space 19456K, 0% used [0x00000000eab00000,0x00000000eab00000,0x00000000ebe00000)
  from space 4096K, 51% used [0x00000000ec000000,0x00000000ec20df20,0x00000000ec400000)
  to   space 2560K, 0% used [0x00000000ec580000,0x00000000ec580000,0x00000000ec800000)
 ParOldGen       total 421376K, used 292449K [0x00000000c0000000, 0x00000000d9b80000, 0x00000000eab00000)
  object space 421376K, 69% used [0x00000000c0000000,0x00000000d1d986f0,0x00000000d9b80000)
 Metaspace       used 98308K, committed 99456K, reserved 1146880K
  class space    used 9328K, committed 9856K, reserved 1048576K
}
Event: 11920.783 GC heap before
{Heap before GC invocations=5357 (full 143):
 PSYoungGen      total 23552K, used 21559K [0x00000000eab00000, 0x00000000ec800000, 0x0000000100000000)
  eden space 19456K, 100% used [0x00000000eab00000,0x00000000ebe00000,0x00000000ebe00000)
  from space 4096K, 51% used [0x00000000ec000000,0x00000000ec20df20,0x00000000ec400000)
  to   space 2560K, 0% used [0x00000000ec580000,0x00000000ec580000,0x00000000ec800000)
 ParOldGen       total 421376K, used 292449K [0x00000000c0000000, 0x00000000d9b80000, 0x00000000eab00000)
  object space 421376K, 69% used [0x00000000c0000000,0x00000000d1d986f0,0x00000000d9b80000)
 Metaspace       used 98311K, committed 99456K, reserved 1146880K
  class space    used 9328K, committed 9856K, reserved 1048576K
}
Event: 11920.948 GC heap after
{Heap after GC invocations=5357 (full 143):
 PSYoungGen      total 10240K, used 2530K [0x00000000eab00000, 0x00000000ee680000, 0x0000000100000000)
  eden space 7680K, 0% used [0x00000000eab00000,0x00000000eab00000,0x00000000eb280000)
  from space 2560K, 98% used [0x00000000ec580000,0x00000000ec7f8960,0x00000000ec800000)
  to   space 19456K, 0% used [0x00000000eb280000,0x00000000eb280000,0x00000000ec580000)
 ParOldGen       total 421376K, used 306615K [0x00000000c0000000, 0x00000000d9b80000, 0x00000000eab00000)
  object space 421376K, 72% used [0x00000000c0000000,0x00000000d2b6ddb0,0x00000000d9b80000)
 Metaspace       used 98311K, committed 99456K, reserved 1146880K
  class space    used 9328K, committed 9856K, reserved 1048576K
}
Event: 11920.994 GC heap before
{Heap before GC invocations=5358 (full 143):
 PSYoungGen      total 10240K, used 10210K [0x00000000eab00000, 0x00000000ee680000, 0x0000000100000000)
  eden space 7680K, 100% used [0x00000000eab00000,0x00000000eb280000,0x00000000eb280000)
  from space 2560K, 98% used [0x00000000ec580000,0x00000000ec7f8960,0x00000000ec800000)
  to   space 19456K, 0% used [0x00000000eb280000,0x00000000eb280000,0x00000000ec580000)
 ParOldGen       total 421376K, used 306615K [0x00000000c0000000, 0x00000000d9b80000, 0x00000000eab00000)
  object space 421376K, 72% used [0x00000000c0000000,0x00000000d2b6ddb0,0x00000000d9b80000)
 Metaspace       used 98311K, committed 99456K, reserved 1146880K
  class space    used 9328K, committed 9856K, reserved 1048576K
}
Event: 11921.023 GC heap after
{Heap after GC invocations=5358 (full 143):
 PSYoungGen      total 15360K, used 7302K [0x00000000eab00000, 0x00000000ec880000, 0x0000000100000000)
  eden space 7680K, 0% used [0x00000000eab00000,0x00000000eab00000,0x00000000eb280000)
  from space 7680K, 95% used [0x00000000eb280000,0x00000000eb9a18f8,0x00000000eba00000)
  to   space 10752K, 0% used [0x00000000ebe00000,0x00000000ebe00000,0x00000000ec880000)
 ParOldGen       total 421376K, used 309161K [0x00000000c0000000, 0x00000000d9b80000, 0x00000000eab00000)
  object space 421376K, 73% used [0x00000000c0000000,0x00000000d2dea710,0x00000000d9b80000)
 Metaspace       used 98311K, committed 99456K, reserved 1146880K
  class space    used 9328K, committed 9856K, reserved 1048576K
}
Event: 11921.072 GC heap before
{Heap before GC invocations=5359 (full 143):
 PSYoungGen      total 15360K, used 14136K [0x00000000eab00000, 0x00000000ec880000, 0x0000000100000000)
  eden space 7680K, 88% used [0x00000000eab00000,0x00000000eb1ac9a8,0x00000000eb280000)
  from space 7680K, 95% used [0x00000000eb280000,0x00000000eb9a18f8,0x00000000eba00000)
  to   space 10752K, 0% used [0x00000000ebe00000,0x00000000ebe00000,0x00000000ec880000)
 ParOldGen       total 421376K, used 309161K [0x00000000c0000000, 0x00000000d9b80000, 0x00000000eab00000)
  object space 421376K, 73% used [0x00000000c0000000,0x00000000d2dea710,0x00000000d9b80000)
 Metaspace       used 98311K, committed 99456K, reserved 1146880K
  class space    used 9328K, committed 9856K, reserved 1048576K
}
Event: 11921.141 GC heap after
{Heap after GC invocations=5359 (full 143):
 PSYoungGen      total 15360K, used 5820K [0x00000000eab00000, 0x00000000ec400000, 0x0000000100000000)
  eden space 9216K, 0% used [0x00000000eab00000,0x00000000eab00000,0x00000000eb400000)
  from space 6144K, 94% used [0x00000000ebe00000,0x00000000ec3af068,0x00000000ec400000)
  to   space 7168K, 0% used [0x00000000eb600000,0x00000000eb600000,0x00000000ebd00000)
 ParOldGen       total 421376K, used 316403K [0x00000000c0000000, 0x00000000d9b80000, 0x00000000eab00000)
  object space 421376K, 75% used [0x00000000c0000000,0x00000000d34fcf78,0x00000000d9b80000)
 Metaspace       used 98311K, committed 99456K, reserved 1146880K
  class space    used 9328K, committed 9856K, reserved 1048576K
}
Event: 11921.597 GC heap before
{Heap before GC invocations=5360 (full 143):
 PSYoungGen      total 15360K, used 15036K [0x00000000eab00000, 0x00000000ec400000, 0x0000000100000000)
  eden space 9216K, 100% used [0x00000000eab00000,0x00000000eb400000,0x00000000eb400000)
  from space 6144K, 94% used [0x00000000ebe00000,0x00000000ec3af068,0x00000000ec400000)
  to   space 7168K, 0% used [0x00000000eb600000,0x00000000eb600000,0x00000000ebd00000)
 ParOldGen       total 421376K, used 316403K [0x00000000c0000000, 0x00000000d9b80000, 0x00000000eab00000)
  object space 421376K, 75% used [0x00000000c0000000,0x00000000d34fcf78,0x00000000d9b80000)
 Metaspace       used 98311K, committed 99456K, reserved 1146880K
  class space    used 9328K, committed 9856K, reserved 1048576K
}
Event: 11921.655 GC heap after
{Heap after GC invocations=5360 (full 143):
 PSYoungGen      total 17920K, used 7146K [0x00000000eab00000, 0x00000000ed280000, 0x0000000100000000)
  eden space 10752K, 0% used [0x00000000eab00000,0x00000000eab00000,0x00000000eb580000)
  from space 7168K, 99% used [0x00000000eb600000,0x00000000ebcfa928,0x00000000ebd00000)
  to   space 14848K, 0% used [0x00000000ec400000,0x00000000ec400000,0x00000000ed280000)
 ParOldGen       total 421376K, used 322727K [0x00000000c0000000, 0x00000000d9b80000, 0x00000000eab00000)
  object space 421376K, 76% used [0x00000000c0000000,0x00000000d3b29f88,0x00000000d9b80000)
 Metaspace       used 98311K, committed 99456K, reserved 1146880K
  class space    used 9328K, committed 9856K, reserved 1048576K
}
Event: 11921.726 GC heap before
{Heap before GC invocations=5361 (full 143):
 PSYoungGen      total 17920K, used 17898K [0x00000000eab00000, 0x00000000ed280000, 0x0000000100000000)
  eden space 10752K, 100% used [0x00000000eab00000,0x00000000eb580000,0x00000000eb580000)
  from space 7168K, 99% used [0x00000000eb600000,0x00000000ebcfa928,0x00000000ebd00000)
  to   space 14848K, 0% used [0x00000000ec400000,0x00000000ec400000,0x00000000ed280000)
 ParOldGen       total 421376K, used 330407K [0x00000000c0000000, 0x00000000d9b80000, 0x00000000eab00000)
  object space 421376K, 78% used [0x00000000c0000000,0x00000000d42a9f98,0x00000000d9b80000)
 Metaspace       used 98315K, committed 99456K, reserved 1146880K
  class space    used 9328K, committed 9856K, reserved 1048576K
}
Event: 11921.746 GC heap after
{Heap after GC invocations=5361 (full 143):
 PSYoungGen      total 22528K, used 9555K [0x00000000eab00000, 0x00000000ecd80000, 0x0000000100000000)
  eden space 12800K, 0% used [0x00000000eab00000,0x00000000eab00000,0x00000000eb780000)
  from space 9728K, 98% used [0x00000000ec400000,0x00000000ecd54da0,0x00000000ecd80000)
  to   space 11264K, 0% used [0x00000000eb780000,0x00000000eb780000,0x00000000ec280000)
 ParOldGen       total 421376K, used 332857K [0x00000000c0000000, 0x00000000d9b80000, 0x00000000eab00000)
  object space 421376K, 78% used [0x00000000c0000000,0x00000000d450e690,0x00000000d9b80000)
 Metaspace       used 98315K, committed 99456K, reserved 1146880K
  class space    used 9328K, committed 9856K, reserved 1048576K
}
Event: 11921.753 GC heap before
{Heap before GC invocations=5362 (full 143):
 PSYoungGen      total 22528K, used 22355K [0x00000000eab00000, 0x00000000ecd80000, 0x0000000100000000)
  eden space 12800K, 100% used [0x00000000eab00000,0x00000000eb780000,0x00000000eb780000)
  from space 9728K, 98% used [0x00000000ec400000,0x00000000ecd54da0,0x00000000ecd80000)
  to   space 11264K, 0% used [0x00000000eb780000,0x00000000eb780000,0x00000000ec280000)
 ParOldGen       total 421376K, used 344377K [0x00000000c0000000, 0x00000000d9b80000, 0x00000000eab00000)
  object space 421376K, 81% used [0x00000000c0000000,0x00000000d504e6a0,0x00000000d9b80000)
 Metaspace       used 98315K, committed 99456K, reserved 1146880K
  class space    used 9328K, committed 9856K, reserved 1048576K
}
Event: 11921.768 GC heap after
{Heap after GC invocations=5362 (full 143):
 PSYoungGen      total 13824K, used 912K [0x00000000eab00000, 0x00000000ec480000, 0x0000000100000000)
  eden space 12800K, 0% used [0x00000000eab00000,0x00000000eab00000,0x00000000eb780000)
  from space 1024K, 89% used [0x00000000eb780000,0x00000000eb864000,0x00000000eb880000)
  to   space 4608K, 0% used [0x00000000ec000000,0x00000000ec000000,0x00000000ec480000)
 ParOldGen       total 421376K, used 365457K [0x00000000c0000000, 0x00000000d9b80000, 0x00000000eab00000)
  object space 421376K, 86% used [0x00000000c0000000,0x00000000d64e45a0,0x00000000d9b80000)
 Metaspace       used 98315K, committed 99456K, reserved 1146880K
  class space    used 9328K, committed 9856K, reserved 1048576K
}
Event: 11922.329 GC heap before
{Heap before GC invocations=5363 (full 143):
 PSYoungGen      total 13824K, used 13712K [0x00000000eab00000, 0x00000000ec480000, 0x0000000100000000)
  eden space 12800K, 100% used [0x00000000eab00000,0x00000000eb780000,0x00000000eb780000)
  from space 1024K, 89% used [0x00000000eb780000,0x00000000eb864000,0x00000000eb880000)
  to   space 4608K, 0% used [0x00000000ec000000,0x00000000ec000000,0x00000000ec480000)
 ParOldGen       total 421376K, used 365457K [0x00000000c0000000, 0x00000000d9b80000, 0x00000000eab00000)
  object space 421376K, 86% used [0x00000000c0000000,0x00000000d64e45a0,0x00000000d9b80000)
 Metaspace       used 98315K, committed 99456K, reserved 1146880K
  class space    used 9328K, committed 9856K, reserved 1048576K
}
Event: 11922.342 GC heap after
{Heap after GC invocations=5363 (full 143):
 PSYoungGen      total 17920K, used 3033K [0x00000000eab00000, 0x00000000ec300000, 0x0000000100000000)
  eden space 14848K, 0% used [0x00000000eab00000,0x00000000eab00000,0x00000000eb980000)
  from space 3072K, 98% used [0x00000000ec000000,0x00000000ec2f6410,0x00000000ec300000)
  to   space 3584K, 0% used [0x00000000ebc00000,0x00000000ebc00000,0x00000000ebf80000)
 ParOldGen       total 421376K, used 365945K [0x00000000c0000000, 0x00000000d9b80000, 0x00000000eab00000)
  object space 421376K, 86% used [0x00000000c0000000,0x00000000d655e5a0,0x00000000d9b80000)
 Metaspace       used 98315K, committed 99456K, reserved 1146880K
  class space    used 9328K, committed 9856K, reserved 1048576K
}
Event: 11938.739 GC heap before
{Heap before GC invocations=5364 (full 143):
 PSYoungGen      total 17920K, used 17881K [0x00000000eab00000, 0x00000000ec300000, 0x0000000100000000)
  eden space 14848K, 100% used [0x00000000eab00000,0x00000000eb980000,0x00000000eb980000)
  from space 3072K, 98% used [0x00000000ec000000,0x00000000ec2f6410,0x00000000ec300000)
  to   space 3584K, 0% used [0x00000000ebc00000,0x00000000ebc00000,0x00000000ebf80000)
 ParOldGen       total 421376K, used 365945K [0x00000000c0000000, 0x00000000d9b80000, 0x00000000eab00000)
  object space 421376K, 86% used [0x00000000c0000000,0x00000000d655e5a0,0x00000000d9b80000)
 Metaspace       used 98315K, committed 99456K, reserved 1146880K
  class space    used 9328K, committed 9856K, reserved 1048576K
}

